# JRE version: OpenJDK Runtime Environment (11.0.2+9) (build 11.0.2+9)
# Java VM: OpenJDK 64-Bit Server VM (11.0.2+9, mixed mode, tiered, compressed oops, g1 gc, windows-amd64)
Heap:
 garbage-first heap   total 430080K, used 134969K [0x0000000700e00000, 0x0000000800000000)
  region size 1024K, 14 young (14336K), 2 survivors (2048K)
 Metaspace       used 63657K, capacity 66644K, committed 66860K, reserved 1105920K
  class space    used 8529K, capacity 9819K, committed 9856K, reserved 1048576K
GC Heap History (10 events):
Event: 11.068 GC heap before
{Heap before GC invocations=17 (full 0):
 garbage-first heap   total 409600K, used 408044K [0x0000000700e00000, 0x0000000800000000)
  region size 1024K, 83 young (84992K), 18 survivors (18432K)
 Metaspace       used 62919K, capacity 65924K, committed 66092K, reserved 1105920K
  class space    used 8444K, capacity 9754K, committed 9856K, reserved 1048576K
}
Event: 11.082 GC heap after
{Heap after GC invocations=18 (full 0):
 garbage-first heap   total 430080K, used 77405K [0x0000000700e00000, 0x0000000800000000)
  region size 1024K, 18 young (18432K), 18 survivors (18432K)
 Metaspace       used 62919K, capacity 65924K, committed 66092K, reserved 1105920K
  class space    used 8444K, capacity 9754K, committed 9856K, reserved 1048576K
}
Event: 11.116 GC heap before
{Heap before GC invocations=18 (full 0):
 garbage-first heap   total 430080K, used 94813K [0x0000000700e00000, 0x0000000800000000)
  region size 1024K, 21 young (21504K), 18 survivors (18432K)
 Metaspace       used 62936K, capacity 65924K, committed 66092K, reserved 1105920K
  class space    used 8446K, capacity 9754K, committed 9856K, reserved 1048576K
}
Event: 11.126 GC heap after
{Heap after GC invocations=19 (full 0):
 garbage-first heap   total 430080K, used 78004K [0x0000000700e00000, 0x0000000800000000)
  region size 1024K, 2 young (2048K), 2 survivors (2048K)
 Metaspace       used 62936K, capacity 65924K, committed 66092K, reserved 1105920K
  class space    used 8446K, capacity 9754K, committed 9856K, reserved 1048576K
}
Event: 11.509 GC heap before
{Heap before GC invocations=19 (full 0):
 garbage-first heap   total 430080K, used 214196K [0x0000000700e00000, 0x0000000800000000)
  region size 1024K, 25 young (25600K), 2 survivors (2048K)
 Metaspace       used 63297K, capacity 66286K, committed 66604K, reserved 1105920K
  class space    used 8485K, capacity 9787K, committed 9856K, reserved 1048576K
}
Event: 11.512 GC heap after
{Heap after GC invocations=20 (full 0):
 garbage-first heap   total 430080K, used 77803K [0x0000000700e00000, 0x0000000800000000)
  region size 1024K, 1 young (1024K), 1 survivors (1024K)
 Metaspace       used 63297K, capacity 66286K, committed 66604K, reserved 1105920K
  class space    used 8485K, capacity 9787K, committed 9856K, reserved 1048576K
}
Event: 11.784 GC heap before
{Heap before GC invocations=21 (full 0):
 garbage-first heap   total 430080K, used 215863K [0x0000000700e00000, 0x0000000800000000)
  region size 1024K, 26 young (26624K), 1 survivors (1024K)
 Metaspace       used 63493K, capacity 66513K, committed 66604K, reserved 1105920K
  class space    used 8508K, capacity 9819K, committed 9856K, reserved 1048576K
}
Event: 11.786 GC heap after
{Heap after GC invocations=22 (full 0):
 garbage-first heap   total 430080K, used 65018K [0x0000000700e00000, 0x0000000800000000)
  region size 1024K, 1 young (1024K), 1 survivors (1024K)
 Metaspace       used 63493K, capacity 66513K, committed 66604K, reserved 1105920K
  class space    used 8508K, capacity 9819K, committed 9856K, reserved 1048576K
}
Event: 12.046 GC heap before
{Heap before GC invocations=23 (full 0):
 garbage-first heap   total 430080K, used 219642K [0x0000000700e00000, 0x0000000800000000)
  region size 1024K, 28 young (28672K), 1 survivors (1024K)
 Metaspace       used 63616K, capacity 66641K, committed 66860K, reserved 1105920K
  class space    used 8524K, capacity 9819K, committed 9856K, reserved 1048576K
}
Event: 12.049 GC heap after
{Heap after GC invocations=24 (full 0):
 garbage-first heap   total 430080K, used 66361K [0x0000000700e00000, 0x0000000800000000)
  region size 1024K, 2 young (2048K), 2 survivors (2048K)
 Metaspace       used 63616K, capacity 66641K, committed 66860K, reserved 1105920K
  class space    used 8524K, capacity 9819K, committed 9856K, reserved 1048576K
}

